<?xml version="1.0" encoding="UTF-8"?>
<!-- Generated by org.testng.reporters.JUnitReportReporter -->
<testsuite hostname="DESKTOP-RDD6P2G" failures="0" tests="5" name="TestNg.Myntratest" time="37.249" errors="0" timestamp="2025-03-11T20:27:08 IST" skipped="0">
  <testcase classname="TestNg.Myntratest" name="launchBrowser" time="8.569"/>
  <testcase classname="TestNg.Myntratest" name="searchMyntra" time="18.860"/>
  <testcase classname="TestNg.Myntratest" name="men" time="3.512"/>
  <testcase classname="TestNg.Myntratest" name="searchTshirts" time="6.200"/>
  <testcase classname="TestNg.Myntratest" name="chooseProduct" time="0.108"/>
</testsuite> <!-- TestNg.Myntratest -->
