<?xml version="1.0" encoding="UTF-8"?>
<!-- Generated by org.testng.reporters.JUnitReportReporter -->
<testsuite hostname="DESKTOP-RDD6P2G" failures="0" tests="5" name="TestNg.Myntratest" time="28.312" errors="0" timestamp="2025-03-17T11:27:39 IST" skipped="0">
  <testcase classname="TestNg.Myntratest" name="searchMyntra" time="15.878"/>
  <testcase classname="TestNg.Myntratest" name="men" time="4.832"/>
  <testcase classname="TestNg.Myntratest" name="searchTshirts" time="3.401"/>
  <testcase classname="TestNg.Myntratest" name="chooseProduct" time="1.292"/>
  <testcase classname="TestNg.Myntratest" name="add_to_bag" time="2.909"/>
</testsuite> <!-- TestNg.Myntratest -->
