<?xml version="1.0" encoding="UTF-8"?>
<!-- Generated by org.testng.reporters.JUnitReportReporter -->
<testsuite hostname="DESKTOP-RDD6P2G" failures="0" tests="4" name="TestNg.Myntratest" time="31.173" errors="0" timestamp="2025-03-16T16:29:32 IST" skipped="0">
  <testcase classname="TestNg.Myntratest" name="searchMyntra" time="23.857"/>
  <testcase classname="TestNg.Myntratest" name="men" time="2.377"/>
  <testcase classname="TestNg.Myntratest" name="searchTshirts" time="4.755"/>
  <testcase classname="TestNg.Myntratest" name="chooseProduct" time="0.184"/>
</testsuite> <!-- TestNg.Myntratest -->
